<?xml version="1.0" encoding="UTF-8"?>
<testng-results ignored="0" total="2" passed="2" failed="0" skipped="0">
  <reporter-output>
  </reporter-output>
  <suite started-at="2022-01-26T09:58:19 GMT-05:00" name="Default suite" finished-at="2022-01-26T09:58:29 GMT-05:00" duration-ms="9996">
    <groups>
    </groups>
    <test started-at="2022-01-26T09:58:19 GMT-05:00" name="Default test" finished-at="2022-01-26T09:58:29 GMT-05:00" duration-ms="9996">
      <class name="com.Log4j.logs.LogsTest">
        <test-method is-config="true" signature="setUp()[pri:0, instance:com.Log4j.logs.LogsTest@458342d3]" started-at="2022-01-26T09:58:20 GMT-05:00" name="setUp" finished-at="2022-01-26T09:58:26 GMT-05:00" duration-ms="6021" status="PASS">
          <reporter-output>
          </reporter-output>
        </test-method> <!-- setUp -->
        <test-method signature="GoogleTitleTest()[pri:0, instance:com.Log4j.logs.LogsTest@458342d3]" started-at="2022-01-26T09:58:26 GMT-05:00" name="GoogleTitleTest" finished-at="2022-01-26T09:58:26 GMT-05:00" duration-ms="35" status="PASS">
          <reporter-output>
          </reporter-output>
        </test-method> <!-- GoogleTitleTest -->
        <test-method is-config="true" signature="tearDown()[pri:0, instance:com.Log4j.logs.LogsTest@458342d3]" started-at="2022-01-26T09:58:26 GMT-05:00" name="tearDown" finished-at="2022-01-26T09:58:26 GMT-05:00" duration-ms="285" status="PASS">
          <reporter-output>
          </reporter-output>
        </test-method> <!-- tearDown -->
        <test-method is-config="true" signature="setUp()[pri:0, instance:com.Log4j.logs.LogsTest@458342d3]" started-at="2022-01-26T09:58:26 GMT-05:00" name="setUp" finished-at="2022-01-26T09:58:29 GMT-05:00" duration-ms="3219" status="PASS">
          <reporter-output>
          </reporter-output>
        </test-method> <!-- setUp -->
        <test-method signature="Googlelogotest()[pri:0, instance:com.Log4j.logs.LogsTest@458342d3]" started-at="2022-01-26T09:58:29 GMT-05:00" name="Googlelogotest" finished-at="2022-01-26T09:58:29 GMT-05:00" duration-ms="101" status="PASS">
          <reporter-output>
          </reporter-output>
        </test-method> <!-- Googlelogotest -->
        <test-method is-config="true" signature="tearDown()[pri:0, instance:com.Log4j.logs.LogsTest@458342d3]" started-at="2022-01-26T09:58:29 GMT-05:00" name="tearDown" finished-at="2022-01-26T09:58:29 GMT-05:00" duration-ms="248" status="PASS">
          <reporter-output>
          </reporter-output>
        </test-method> <!-- tearDown -->
      </class> <!-- com.Log4j.logs.LogsTest -->
    </test> <!-- Default test -->
  </suite> <!-- Default suite -->
</testng-results>
